<?xml version="1.0" encoding="UTF-8"?>
<!-- Generated by org.testng.reporters.JUnitReportReporter -->
<testsuite hostname="LloydWalton" failures="0" tests="1" name="com.qa.basic.restassured.AddPlace" time="2.651" errors="0" timestamp="2023-06-12T18:54:48 IST" skipped="0">
  <testcase classname="com.qa.basic.restassured.AddPlace" name="addPlace" time="2.651"/>
</testsuite> <!-- com.qa.basic.restassured.AddPlace -->
